<?xml version="1.0" encoding="UTF-8"?>
<testsuite xmlns:xsi="http://www.w3.org/2001/XMLSchema-instance" xsi:noNamespaceSchemaLocation="https://maven.apache.org/surefire/maven-surefire-plugin/xsd/surefire-test-report-3.0.xsd" version="3.0" name="com.tlaxcala.mediapp.MediappMedicsApplicationTests" time="15.299" tests="1" errors="0" skipped="0" failures="0">
  <properties>
[...]
</properties>
  <testcase name="contextLoads" classname="com.tlaxcala.mediapp.MediappMedicsApplicationTests" time="0.891">
    <system-out><![CDATA[22:50:07.706 [main] INFO org.springframework.test.context.support.AnnotationConfigContextLoaderUtils -- Could not detect default configuration classes for test class [com.tlaxcala.mediapp.MediappMedicsApplicationTests]: MediappMedicsApplicationTests does not declare any static, non-private, non-final, nested classes annotated with @Configuration.
22:50:07.913 [main] INFO org.springframework.boot.test.context.SpringBootTestContextBootstrapper -- Found @SpringBootConfiguration com.tlaxcala.MediappMedics for test class com.tlaxcala.mediapp.MediappMedicsApplicationTests
2024-03-04T22:50:09.857-05:00  INFO 23679 --- [           main] ptablePropertiesBeanFactoryPostProcessor : Post-processing PropertySource instances
2024-03-04T22:50:09.865-05:00  INFO 23679 --- [           main] c.u.j.EncryptablePropertySourceConverter : Skipping PropertySource configurationProperties [class org.springframework.boot.context.properties.source.ConfigurationPropertySourcesPropertySource
2024-03-04T22:50:09.868-05:00  INFO 23679 --- [           main] c.u.j.EncryptablePropertySourceConverter : Converting PropertySource bootstrap [org.springframework.core.env.MapPropertySource] to EncryptableMapPropertySourceWrapper
2024-03-04T22:50:09.869-05:00  INFO 23679 --- [           main] c.u.j.EncryptablePropertySourceConverter : Converting PropertySource Inlined Test Properties [org.springframework.core.env.MapPropertySource] to EncryptableMapPropertySourceWrapper
2024-03-04T22:50:09.869-05:00  INFO 23679 --- [           main] c.u.j.EncryptablePropertySourceConverter : Converting PropertySource systemProperties [org.springframework.core.env.PropertiesPropertySource] to EncryptableMapPropertySourceWrapper
2024-03-04T22:50:09.870-05:00  INFO 23679 --- [           main] c.u.j.EncryptablePropertySourceConverter : Converting PropertySource systemEnvironment [org.springframework.boot.env.SystemEnvironmentPropertySourceEnvironmentPostProcessor$OriginAwareSystemEnvironmentPropertySource] to EncryptableSystemEnvironmentPropertySourceWrapper
2024-03-04T22:50:09.870-05:00  INFO 23679 --- [           main] c.u.j.EncryptablePropertySourceConverter : Converting PropertySource random [org.springframework.boot.env.RandomValuePropertySource] to EncryptablePropertySourceWrapper
2024-03-04T22:50:09.871-05:00  INFO 23679 --- [           main] c.u.j.EncryptablePropertySourceConverter : Converting PropertySource cachedrandom [org.springframework.cloud.util.random.CachedRandomPropertySource] to EncryptablePropertySourceWrapper
2024-03-04T22:50:09.871-05:00  INFO 23679 --- [           main] c.u.j.EncryptablePropertySourceConverter : Converting PropertySource springCloudClientHostInfo [org.springframework.core.env.MapPropertySource] to EncryptableMapPropertySourceWrapper
2024-03-04T22:50:09.872-05:00  INFO 23679 --- [           main] c.u.j.EncryptablePropertySourceConverter : Converting PropertySource Config resource 'class path resource [bootstrap.yml]' via location 'optional:classpath:/' [org.springframework.boot.env.OriginTrackedMapPropertySource] to EncryptableMapPropertySourceWrapper
2024-03-04T22:50:09.872-05:00  INFO 23679 --- [           main] c.u.j.EncryptablePropertySourceConverter : Converting PropertySource applicationConfig: [classpath:/bootstrap.yml] [org.springframework.boot.env.OriginTrackedMapPropertySource] to EncryptableMapPropertySourceWrapper
2024-03-04T22:50:10.075-05:00  INFO 23679 --- [           main] c.u.j.filter.DefaultLazyPropertyFilter   : Property Filter custom Bean not found with name 'encryptablePropertyFilter'. Initializing Default Property Filter
2024-03-04T22:50:10.138-05:00  INFO 23679 --- [           main] c.u.j.r.DefaultLazyPropertyResolver      : Property Resolver custom Bean not found with name 'encryptablePropertyResolver'. Initializing Default Property Resolver
2024-03-04T22:50:10.142-05:00  INFO 23679 --- [           main] c.u.j.d.DefaultLazyPropertyDetector      : Property Detector custom Bean not found with name 'encryptablePropertyDetector'. Initializing Default Property Detector

  .   ____          _            __ _ _
 /\\ / ___'_ __ _ _(_)_ __  __ _ \ \ \ \
( ( )\___ | '_ | '_| | '_ \/ _` | \ \ \ \
 \\/  ___)| |_)| | | | | || (_| |  ) ) ) )
  '  |____| .__|_| |_|_| |_\__, | / / / /
 =========|_|==============|___/=/_/_/_/
 :: Spring Boot ::                (v3.1.5)

2024-03-04T22:50:10.565-05:00  INFO 23679 --- [           main] c.c.c.ConfigServicePropertySourceLocator : Fetching config from server at : http://localhost:8888
2024-03-04T22:50:11.864-05:00  INFO 23679 --- [           main] c.c.c.ConfigServicePropertySourceLocator : Located environment: name=mediapp-medics, profiles=[default], label=null, version=93ac66e4ef43dc113da3f55859f99c9d8a878ca5, state=null
2024-03-04T22:50:11.866-05:00  INFO 23679 --- [           main] b.c.PropertySourceBootstrapConfiguration : Located property source: [BootstrapPropertySource {name='bootstrapProperties-configClient'}, BootstrapPropertySource {name='bootstrapProperties-https://github.com/alarcon-osorio/SpringCloudParams/application.yml'}]
2024-03-04T22:50:11.894-05:00  INFO 23679 --- [           main] c.t.m.MediappMedicsApplicationTests      : No active profile set, falling back to 1 default profile: "default"
2024-03-04T22:50:13.560-05:00  INFO 23679 --- [           main] .s.d.r.c.RepositoryConfigurationDelegate : Bootstrapping Spring Data JPA repositories in DEFAULT mode.
2024-03-04T22:50:13.777-05:00  INFO 23679 --- [           main] .s.d.r.c.RepositoryConfigurationDelegate : Finished Spring Data repository scanning in 204 ms. Found 1 JPA repository interfaces.
2024-03-04T22:50:14.262-05:00  INFO 23679 --- [           main] o.s.cloud.context.scope.GenericScope     : BeanFactory id=90b72f93-4649-3aaf-a577-09ff241ebc5a
2024-03-04T22:50:14.387-05:00  INFO 23679 --- [           main] ptablePropertiesBeanFactoryPostProcessor : Post-processing PropertySource instances
2024-03-04T22:50:14.387-05:00  INFO 23679 --- [           main] c.u.j.EncryptablePropertySourceConverter : Skipping PropertySource configurationProperties [class org.springframework.boot.context.properties.source.ConfigurationPropertySourcesPropertySource
2024-03-04T22:50:14.388-05:00  INFO 23679 --- [           main] c.u.j.EncryptablePropertySourceConverter : Converting PropertySource test [org.springframework.core.env.MapPropertySource] to EncryptableMapPropertySourceWrapper
2024-03-04T22:50:14.388-05:00  INFO 23679 --- [           main] c.u.j.EncryptablePropertySourceConverter : Converting PropertySource bootstrapProperties-configClient [org.springframework.cloud.bootstrap.config.BootstrapPropertySource] to EncryptableEnumerablePropertySourceWrapper
2024-03-04T22:50:14.388-05:00  INFO 23679 --- [           main] c.u.j.EncryptablePropertySourceConverter : Converting PropertySource bootstrapProperties-https://github.com/alarcon-osorio/SpringCloudParams/application.yml [org.springframework.cloud.bootstrap.config.BootstrapPropertySource] to EncryptableEnumerablePropertySourceWrapper
2024-03-04T22:50:14.388-05:00  INFO 23679 --- [           main] c.u.j.EncryptablePropertySourceConverter : Converting PropertySource Inlined Test Properties [org.springframework.core.env.MapPropertySource] to EncryptableMapPropertySourceWrapper
2024-03-04T22:50:14.388-05:00  INFO 23679 --- [           main] c.u.j.EncryptablePropertySourceConverter : Skipping PropertySource servletConfigInitParams [class org.springframework.core.env.PropertySource$StubPropertySource
2024-03-04T22:50:14.389-05:00  INFO 23679 --- [           main] c.u.j.EncryptablePropertySourceConverter : Converting PropertySource servletContextInitParams [org.springframework.web.context.support.ServletContextPropertySource] to EncryptableEnumerablePropertySourceWrapper
2024-03-04T22:50:14.389-05:00  INFO 23679 --- [           main] c.u.j.EncryptablePropertySourceConverter : Converting PropertySource systemProperties [org.springframework.core.env.PropertiesPropertySource] to EncryptableMapPropertySourceWrapper
2024-03-04T22:50:14.389-05:00  INFO 23679 --- [           main] c.u.j.EncryptablePropertySourceConverter : Converting PropertySource systemEnvironment [org.springframework.boot.env.SystemEnvironmentPropertySourceEnvironmentPostProcessor$OriginAwareSystemEnvironmentPropertySource] to EncryptableSystemEnvironmentPropertySourceWrapper
2024-03-04T22:50:14.389-05:00  INFO 23679 --- [           main] c.u.j.EncryptablePropertySourceConverter : Converting PropertySource random [org.springframework.boot.env.RandomValuePropertySource] to EncryptablePropertySourceWrapper
2024-03-04T22:50:14.389-05:00  INFO 23679 --- [           main] c.u.j.EncryptablePropertySourceConverter : Converting PropertySource cachedrandom [org.springframework.cloud.util.random.CachedRandomPropertySource] to EncryptablePropertySourceWrapper
2024-03-04T22:50:14.389-05:00  INFO 23679 --- [           main] c.u.j.EncryptablePropertySourceConverter : Converting PropertySource springCloudClientHostInfo [org.springframework.core.env.MapPropertySource] to EncryptableMapPropertySourceWrapper
2024-03-04T22:50:14.389-05:00  INFO 23679 --- [           main] c.u.j.EncryptablePropertySourceConverter : Converting PropertySource springCloudDefaultProperties [org.springframework.core.env.MapPropertySource] to EncryptableMapPropertySourceWrapper
2024-03-04T22:50:14.639-05:00  INFO 23679 --- [           main] c.u.j.filter.DefaultLazyPropertyFilter   : Property Filter custom Bean not found with name 'encryptablePropertyFilter'. Initializing Default Property Filter
2024-03-04T22:50:14.663-05:00  INFO 23679 --- [           main] c.u.j.r.DefaultLazyPropertyResolver      : Property Resolver custom Bean not found with name 'encryptablePropertyResolver'. Initializing Default Property Resolver
2024-03-04T22:50:14.664-05:00  INFO 23679 --- [           main] c.u.j.d.DefaultLazyPropertyDetector      : Property Detector custom Bean not found with name 'encryptablePropertyDetector'. Initializing Default Property Detector
2024-03-04T22:50:14.684-05:00  INFO 23679 --- [           main] c.u.j.encryptor.DefaultLazyEncryptor     : String Encryptor custom Bean not found with name 'jasyptStringEncryptor'. Initializing Default String Encryptor
2024-03-04T22:50:14.712-05:00  INFO 23679 --- [           main] c.u.j.c.StringEncryptorBuilder           : Encryptor config not found for property jasypt.encryptor.key-obtention-iterations, using default value: 1000
2024-03-04T22:50:14.712-05:00  INFO 23679 --- [           main] c.u.j.c.StringEncryptorBuilder           : Encryptor config not found for property jasypt.encryptor.pool-size, using default value: 1
2024-03-04T22:50:14.712-05:00  INFO 23679 --- [           main] c.u.j.c.StringEncryptorBuilder           : Encryptor config not found for property jasypt.encryptor.provider-name, using default value: null
2024-03-04T22:50:14.713-05:00  INFO 23679 --- [           main] c.u.j.c.StringEncryptorBuilder           : Encryptor config not found for property jasypt.encryptor.provider-class-name, using default value: null
2024-03-04T22:50:14.714-05:00  INFO 23679 --- [           main] c.u.j.c.StringEncryptorBuilder           : Encryptor config not found for property jasypt.encryptor.salt-generator-classname, using default value: org.jasypt.salt.RandomSaltGenerator
2024-03-04T22:50:14.716-05:00  INFO 23679 --- [           main] c.u.j.c.StringEncryptorBuilder           : Encryptor config not found for property jasypt.encryptor.string-output-type, using default value: base64
2024-03-04T22:50:15.010-05:00  INFO 23679 --- [           main] o.hibernate.jpa.internal.util.LogHelper  : HHH000204: Processing PersistenceUnitInfo [name: default]
2024-03-04T22:50:15.088-05:00  INFO 23679 --- [           main] org.hibernate.Version                    : HHH000412: Hibernate ORM core version 6.2.13.Final
2024-03-04T22:50:15.091-05:00  INFO 23679 --- [           main] org.hibernate.cfg.Environment            : HHH000406: Using bytecode reflection optimizer
2024-03-04T22:50:15.456-05:00  INFO 23679 --- [           main] o.s.o.j.p.SpringPersistenceUnitInfo      : No LoadTimeWeaver setup: ignoring JPA class transformer
2024-03-04T22:50:15.502-05:00  INFO 23679 --- [           main] com.zaxxer.hikari.HikariDataSource       : HikariPool-1 - Starting...
2024-03-04T22:50:15.740-05:00  INFO 23679 --- [           main] com.zaxxer.hikari.pool.HikariPool        : HikariPool-1 - Added connection org.postgresql.jdbc.PgConnection@7a247711
2024-03-04T22:50:15.742-05:00  INFO 23679 --- [           main] com.zaxxer.hikari.HikariDataSource       : HikariPool-1 - Start completed.
2024-03-04T22:50:15.782-05:00  WARN 23679 --- [           main] org.hibernate.orm.deprecation            : HHH90000025: PostgreSQLDialect does not need to be specified explicitly using 'hibernate.dialect' (remove the property setting and it will be selected by default)
2024-03-04T22:50:17.138-05:00  INFO 23679 --- [           main] o.h.e.t.j.p.i.JtaPlatformInitiator       : HHH000489: No JTA platform available (set 'hibernate.transaction.jta.platform' to enable JTA platform integration)
2024-03-04T22:50:17.201-05:00  INFO 23679 --- [           main] j.LocalContainerEntityManagerFactoryBean : Initialized JPA EntityManagerFactory for persistence unit 'default'
2024-03-04T22:50:18.803-05:00  WARN 23679 --- [           main] JpaBaseConfiguration$JpaWebConfiguration : spring.jpa.open-in-view is enabled by default. Therefore, database queries may be performed during view rendering. Explicitly configure spring.jpa.open-in-view to disable this warning
2024-03-04T22:50:20.530-05:00  INFO 23679 --- [           main] DiscoveryClientOptionalArgsConfiguration : Eureka HTTP Client uses RestTemplate.
2024-03-04T22:50:20.635-05:00  WARN 23679 --- [           main] iguration$LoadBalancerCaffeineWarnLogger : Spring Cloud LoadBalancer is currently working with the default cache. While this cache implementation is useful for development and tests, it's recommended to use Caffeine cache in production.You can switch to using Caffeine cache, by adding it and org.springframework.cache.caffeine.CaffeineCacheManager to the classpath.
2024-03-04T22:50:20.655-05:00  INFO 23679 --- [           main] o.s.b.a.e.web.EndpointLinksResolver      : Exposing 16 endpoint(s) beneath base path '/actuator'
2024-03-04T22:50:20.796-05:00  INFO 23679 --- [           main] o.s.c.n.eureka.InstanceInfoFactory       : Setting initial instance status as: STARTING
2024-03-04T22:50:21.035-05:00  INFO 23679 --- [           main] com.netflix.discovery.DiscoveryClient    : Initializing Eureka in region us-east-1
2024-03-04T22:50:21.041-05:00  INFO 23679 --- [           main] c.n.d.s.r.aws.ConfigClusterResolver      : Resolving eureka endpoints via configuration
2024-03-04T22:50:21.072-05:00  INFO 23679 --- [           main] com.netflix.discovery.DiscoveryClient    : Disable delta property : false
2024-03-04T22:50:21.073-05:00  INFO 23679 --- [           main] com.netflix.discovery.DiscoveryClient    : Single vip registry refresh property : null
2024-03-04T22:50:21.073-05:00  INFO 23679 --- [           main] com.netflix.discovery.DiscoveryClient    : Force full registry fetch : false
2024-03-04T22:50:21.073-05:00  INFO 23679 --- [           main] com.netflix.discovery.DiscoveryClient    : Application is null : false
2024-03-04T22:50:21.073-05:00  INFO 23679 --- [           main] com.netflix.discovery.DiscoveryClient    : Registered Applications size is zero : true
2024-03-04T22:50:21.073-05:00  INFO 23679 --- [           main] com.netflix.discovery.DiscoveryClient    : Application version is -1: true
2024-03-04T22:50:21.073-05:00  INFO 23679 --- [           main] com.netflix.discovery.DiscoveryClient    : Getting all instance registry info from the eureka server
2024-03-04T22:50:21.595-05:00  INFO 23679 --- [           main] com.netflix.discovery.DiscoveryClient    : The response status is 200
2024-03-04T22:50:21.605-05:00  INFO 23679 --- [           main] com.netflix.discovery.DiscoveryClient    : Starting heartbeat executor: renew interval is: 30
2024-03-04T22:50:21.610-05:00  INFO 23679 --- [           main] c.n.discovery.InstanceInfoReplicator     : InstanceInfoReplicator onDemand update allowed rate per min is 4
2024-03-04T22:50:21.619-05:00  INFO 23679 --- [           main] com.netflix.discovery.DiscoveryClient    : Discovery Client initialized at timestamp 1709610621618 with initial instances count: 4
2024-03-04T22:50:21.629-05:00  INFO 23679 --- [           main] o.s.c.n.e.s.EurekaServiceRegistry        : Registering application MEDIAPP-MEDICS with eureka with status UP
2024-03-04T22:50:21.630-05:00  INFO 23679 --- [           main] com.netflix.discovery.DiscoveryClient    : Saw local status change event StatusChangeEvent [timestamp=1709610621630, current=UP, previous=STARTING]
2024-03-04T22:50:21.633-05:00  INFO 23679 --- [nfoReplicator-0] com.netflix.discovery.DiscoveryClient    : DiscoveryClient_MEDIAPP-MEDICS/192.168.1.14:mediapp-medics: registering service...
2024-03-04T22:50:21.714-05:00  INFO 23679 --- [nfoReplicator-0] com.netflix.discovery.DiscoveryClient    : DiscoveryClient_MEDIAPP-MEDICS/192.168.1.14:mediapp-medics - registration status: 204
2024-03-04T22:50:21.741-05:00  INFO 23679 --- [           main] c.t.m.MediappMedicsApplicationTests      : Started MediappMedicsApplicationTests in 13.548 seconds (process running for 15.436)
]]></system-out>
    <system-err><![CDATA[WARNING: A Java agent has been loaded dynamically (/Users/mymac/.m2/repository/net/bytebuddy/byte-buddy-agent/1.14.9/byte-buddy-agent-1.14.9.jar)
WARNING: If a serviceability tool is in use, please run with -XX:+EnableDynamicAgentLoading to hide this warning
WARNING: If a serviceability tool is not in use, please run with -Djdk.instrument.traceUsage for more information
WARNING: Dynamic loading of agents will be disallowed by default in a future release
]]></system-err>
  </testcase>
</testsuite>